This is pdfTeX, Version 3.14159265-2.6-1.40.15 (TeX Live 2014/Debian) (preloaded format=pdflatex 2015.3.29)  6 DEC 2015 22:51
entering extended mode
 restricted \write18 enabled.
 %&-line parsing enabled.
**/home/frederickerdraon/Documents/researchwork//Latex/calendar_3.tex
(/home/frederickerdraon/Documents/researchwork//Latex/calendar_3.tex
LaTeX2e <2014/05/01>
Babel <3.9k> and hyphenation patterns for 2 languages loaded.
(/usr/share/texlive/texmf-dist/tex/latex/base/article.cls
Document Class: article 2007/10/19 v1.4h Standard LaTeX document class
(/usr/share/texlive/texmf-dist/tex/latex/base/size10.clo
File: size10.clo 2007/10/19 v1.4h Standard LaTeX file (size option)
)
\c@part=\count79
\c@section=\count80
\c@subsection=\count81
\c@subsubsection=\count82
\c@paragraph=\count83
\c@subparagraph=\count84
\c@figure=\count85
\c@table=\count86
\abovecaptionskip=\skip41
\belowcaptionskip=\skip42
\bibindent=\dimen102
)

! LaTeX Error: File `calendar.sty' not found.

Type X to quit or <RETURN> to proceed,
or enter new name. (Default extension: sty)

Enter file name: 
(/usr/share/texlive/texmf-dist/tex/latex/geometry/geometry.sty
Package: geometry 2010/09/12 v5.6 Page Geometry

(/usr/share/texlive/texmf-dist/tex/latex/graphics/keyval.sty
Package: keyval 2014/05/08 v1.15 key=value parser (DPC)
\KV@toks@=\toks14
)
(/usr/share/texlive/texmf-dist/tex/generic/oberdiek/ifpdf.sty
Package: ifpdf 2011/01/30 v2.3 Provides the ifpdf switch (HO)
Package ifpdf Info: pdfTeX in PDF mode is detected.
)
(/usr/share/texlive/texmf-dist/tex/generic/oberdiek/ifvtex.sty
Package: ifvtex 2010/03/01 v1.5 Detect VTeX and its facilities (HO)
Package ifvtex Info: VTeX not detected.
)
(/usr/share/texlive/texmf-dist/tex/generic/ifxetex/ifxetex.sty
Package: ifxetex 2010/09/12 v0.6 Provides ifxetex conditional
)
\Gm@cnth=\count87
\Gm@cntv=\count88
\c@Gm@tempcnt=\count89
\Gm@bindingoffset=\dimen103
\Gm@wd@mp=\dimen104
\Gm@odd@mp=\dimen105
\Gm@even@mp=\dimen106
\Gm@layoutwidth=\dimen107
\Gm@layoutheight=\dimen108
\Gm@layouthoffset=\dimen109
\Gm@layoutvoffset=\dimen110
\Gm@dimlist=\toks15
)
No file calendar_3.aux.
\openout1 = `calendar_3.aux'.

LaTeX Font Info:    Checking defaults for OML/cmm/m/it on input line 28.
LaTeX Font Info:    ... okay on input line 28.
LaTeX Font Info:    Checking defaults for T1/cmr/m/n on input line 28.
LaTeX Font Info:    ... okay on input line 28.
LaTeX Font Info:    Checking defaults for OT1/cmr/m/n on input line 28.
LaTeX Font Info:    ... okay on input line 28.
LaTeX Font Info:    Checking defaults for OMS/cmsy/m/n on input line 28.
LaTeX Font Info:    ... okay on input line 28.
LaTeX Font Info:    Checking defaults for OMX/cmex/m/n on input line 28.
LaTeX Font Info:    ... okay on input line 28.
LaTeX Font Info:    Checking defaults for U/cmr/m/n on input line 28.
LaTeX Font Info:    ... okay on input line 28.
*geometry* driver: auto-detecting
*geometry* detected driver: pdftex
*geometry* verbose mode - [ preamble ] result:
* driver: pdftex
* paper: letterpaper
* layout: <same size as paper>
* layoutoffset:(h,v)=(0.0pt,0.0pt)
* modes: landscape 
* h-part:(L,W,R)=(36.135pt, 722.7pt, 36.135pt)
* v-part:(T,H,B)=(36.135pt, 542.02501pt, 36.135pt)
* \paperwidth=794.96999pt
* \paperheight=614.295pt
* \textwidth=722.7pt
* \textheight=542.02501pt
* \oddsidemargin=-36.135pt
* \evensidemargin=-36.135pt
* \topmargin=-73.135pt
* \headheight=12.0pt
* \headsep=25.0pt
* \topskip=10.0pt
* \footskip=30.0pt
* \marginparwidth=144.0pt
* \marginparsep=11.0pt
* \columnsep=10.0pt
* \skip\footins=9.0pt plus 4.0pt minus 2.0pt
* \hoffset=0.0pt
* \voffset=0.0pt
* \mag=1000
* \@twocolumnfalse
* \@twosidefalse
* \@mparswitchfalse
* \@reversemarginfalse
* (1in=72.27pt=25.4mm, 1cm=28.453pt)

! Undefined control sequence.
l.34 \StartingDayNumber
                       =1 % Calendar starting day, default of 1 means Sunday...

? 

! LaTeX Error: Environment calendar undefined.

See the LaTeX manual or LaTeX Companion for explanation.
Type  H <return>  for immediate help.
 ...                                              
                                                  
l.47 \begin{calendar}
                     {\hsize}
? 
! Missing number, treated as zero.
<to be read again> 
                   }
l.47 \begin{calendar}{\hsize}
                             
? 
! Illegal unit of measure (pt inserted).
<to be read again> 
                   }
l.47 \begin{calendar}{\hsize}
                             
? 

! LaTeX Error: No counter 'calendardate' defined.

See the LaTeX manual or LaTeX Companion for explanation.
Type  H <return>  for immediate help.
 ...                                              
                                                  
l.49 \setcounter{calendardate}{4}
                                  % Date on which the calendar starts - note...

? 
! Undefined control sequence.
l.55 \BlankDay
              
? 
! Undefined control sequence.
l.61 \BlankDay
              
? 
! Undefined control sequence.
l.67 \BlankDay
              
? 
! Missing number, treated as zero.
<to be read again> 
                   {
l.73 \day{
          In Transit}{
? 
! Missing number, treated as zero.
<to be read again> 
                   {
l.84 \day{
          Madrid}{
? 
! Undefined control sequence.
<recently read> \daysep 
                        
l.85 \textbf{Arrive} (MAD) @ 07:45 CEST\\\daysep
                                                
? 
! Undefined control sequence.
<recently read> \daysep 
                        
l.91 Cancellation code: 9860291\\\daysep
                                        
? 
! Missing number, treated as zero.
<to be read again> 
                   {
l.101 \day{
           Toledo (Day Trip)}{
? 
! Missing number, treated as zero.
<to be read again> 
                   {
l.112 \day{
           Madrid}{
? 
! Undefined control sequence.
<recently read> \daysep 
                        
l.113 ...Templo de Debod\\Museo del Prado\\\daysep
                                                  
? 
! Missing number, treated as zero.
<to be read again> 
                   {
l.121 \day{
           Lisbon}{
? 
! Undefined control sequence.
<recently read> \daysep 
                        
l.122 \textbf{Arrive} in Lisbon @ 08:00\\\daysep
                                                
? 

Underfull \hbox (badness 10000) in paragraph at lines 121--129

 []

! Missing number, treated as zero.
<to be read again> 
                   {
l.134 \day{
           Estoril}{
? 
! Undefined control sequence.
<recently read> \daysep 
                        
l.135 \textbf{Arrive} in Estoril\\\daysep
                                         
? 
! Undefined control sequence.
<recently read> \daysep 
                        
l.137 Rua de Lisboa, 3\\\daysep
                               
? 

Underfull \hbox (badness 10000) in paragraph at lines 134--140

 []

! Missing number, treated as zero.
<to be read again> 
                   {
l.145 \day{
           Estoril}{
? 
! Missing number, treated as zero.
<to be read again> 
                   {
l.153 \day{
           Estoril}{
? 
! Missing number, treated as zero.
<to be read again> 
                   {
l.162 \day{
           Estoril}{
? 
! Missing number, treated as zero.
<to be read again> 
                   {
l.171 \day{
           Estoril}{
? 
[1

{/var/lib/texmf/fonts/map/pdftex/updmap/pdftex.map}]
! Undefined control sequence.
l.181 \BlankDay
               
? 
! Undefined control sequence.
l.187 \finishCalendar
                     
? 

! LaTeX Error: \begin{document} ended by \end{calendar}.

See the LaTeX manual or LaTeX Companion for explanation.
Type  H <return>  for immediate help.
 ...                                              
                                                  
l.188 \end{calendar}
                    
? 
[2] (./calendar_3.aux) ) 
Here is how much of TeX's memory you used:
 740 strings out of 495021
 10240 string characters out of 6181344
 65374 words of memory out of 5000000
 4018 multiletter control sequences out of 15000+600000
 4851 words of font info for 18 fonts, out of 8000000 for 9000
 14 hyphenation exceptions out of 8191
 24i,4n,32p,196b,130s stack positions out of 5000i,500n,10000p,200000b,80000s
</usr/share/texlive/texmf-dist/fonts/type1/public/amsfo
nts/cm/cmbx10.pfb></usr/share/texlive/texmf-dist/fonts/type1/public/amsfonts/cm
/cmcsc10.pfb></usr/share/texlive/texmf-dist/fonts/type1/public/amsfonts/cm/cmr1
0.pfb>
Output written on calendar_3.pdf (2 pages, 46482 bytes).
PDF statistics:
 23 PDF objects out of 1000 (max. 8388607)
 15 compressed objects within 1 object stream
 0 named destinations out of 1000 (max. 500000)
 1 words of extra memory for PDF output out of 10000 (max. 10000000)

